<?xml version="1.0" encoding="UTF-8"?>
<testsuite xmlns:xsi="http://www.w3.org/2001/XMLSchema-instance" xsi:noNamespaceSchemaLocation="https://maven.apache.org/surefire/maven-surefire-plugin/xsd/surefire-test-report.xsd" version="3.0.2" name="com.aj.RcsAdminApplicationTests" time="16.802" tests="2" errors="0" skipped="0" failures="0">
  <properties>
[...]
</properties>
  <testcase name="contextLoads" classname="com.aj.RcsAdminApplicationTests" time="0.903">
    <system-out><![CDATA[2026-01-20 23:57:16.047 [main] INFO  o.s.t.c.support.AnnotationConfigContextLoaderUtils - Could not detect default configuration classes for test class [com.aj.RcsAdminApplicationTests]: RcsAdminApplicationTests does not declare any static, non-private, non-final, nested classes annotated with @Configuration.
2026-01-20 23:57:16.165 [main] INFO  o.s.b.t.context.SpringBootTestContextBootstrapper - Found @SpringBootConfiguration com.aj.RcsAdminApplication for test class com.aj.RcsAdminApplicationTests

  .   ____          _            __ _ _
 /\\ / ___'_ __ _ _(_)_ __  __ _ \ \ \ \
( ( )\___ | '_ | '_| | '_ \/ _` | \ \ \ \
 \\/  ___)| |_)| | | | | || (_| |  ) ) ) )
  '  |____| .__|_| |_|_| |_\__, | / / / /
 =========|_|==============|___/=/_/_/_/

 :: Spring Boot ::                (v4.0.1)

2026-01-20 23:57:16.718 [main] WARN  o.s.b.t.j.DuplicateJsonObjectContextCustomizerFactory$DuplicateJsonObjectContextCustomizer - 

Found multiple occurrences of org.json.JSONObject on the class path:

	jar:file:/D:/maven-repository/com/vaadin/external/google/android-json/0.0.20131108.vaadin1/android-json-0.0.20131108.vaadin1.jar!/org/json/JSONObject.class
	jar:file:/D:/maven-repository/org/json/json/20240303/json-20240303.jar!/org/json/JSONObject.class

You may wish to exclude one of them to ensure predictable runtime behavior

2026-01-20 23:57:16.738 [main] INFO  com.aj.RcsAdminApplicationTests - Starting RcsAdminApplicationTests using Java 21.0.5 with PID 26308 (started by Chuck Xu in D:\Dev\RCS\RCS-V1\RCS-V1\rcs-admin)
2026-01-20 23:57:16.740 [main] INFO  com.aj.RcsAdminApplicationTests - No active profile set, falling back to 1 default profile: "default"
Logging initialized using 'class org.apache.ibatis.logging.stdout.StdOutImpl' adapter.
2026-01-20 23:57:19.143 [main] INFO  com.aj.RcsAdminApplicationTests - Started RcsAdminApplicationTests in 2.818 seconds (process running for 5.01)
]]></system-out>
    <system-err><![CDATA[Mockito is currently self-attaching to enable the inline-mock-maker. This will no longer work in future releases of the JDK. Please add Mockito as an agent to your build as described in Mockito's documentation: https://javadoc.io/doc/org.mockito/mockito-core/latest/org.mockito/org/mockito/Mockito.html#0.3
WARNING: A Java agent has been loaded dynamically (D:\maven-repository\net\bytebuddy\byte-buddy-agent\1.17.8\byte-buddy-agent-1.17.8.jar)
WARNING: If a serviceability tool is in use, please run with -XX:+EnableDynamicAgentLoading to hide this warning
WARNING: If a serviceability tool is not in use, please run with -Djdk.instrument.traceUsage for more information
WARNING: Dynamic loading of agents will be disallowed by default in a future release
]]></system-err>
  </testcase>
  <testcase name="sendTest" classname="com.aj.RcsAdminApplicationTests" time="12.36">
    <system-out><![CDATA[2026-01-20 23:57:30.346 [main] INFO  com.agv.sdk.agv.AGVPortClient - 请求失败，销毁 AGV 端口客户端，错误类型=$kind, apiNo=$apiNo
]]></system-out>
  </testcase>
</testsuite>